<?xml version="1.0" encoding="UTF-8"?>
<!-- Generated by org.testng.reporters.JUnitXMLReporter -->
<testsuite hostname="Gs-MacBook-Pro.modem" ignored="0" name="Officeworks Web application Test Cases" tests="13" failures="0" timestamp="25 Apr 2019 13:28:30 GMT" time="126.657" errors="0">
  <testcase name="@BeforeMethod setUp" time="9.78" classname="com.officeworks.qa.tests.CheckoutPageTest">
    <failure type="org.openqa.selenium.ElementClickInterceptedException" message="element click intercepted: Element &amp;lt;button class=&amp;quot;Button__BaseButton-e6xond-0 jeMYnN sc-iwsKbI eZvjeJ sc-dnqmqq GcbgT&amp;quot; label=&amp;quot;Add to Cart&amp;quot; icon=&amp;quot;[object Object]&amp;quot; data-ref=&amp;quot;add-to-cart-button-IPXS64SG&amp;quot;&amp;gt;...&amp;lt;/button&amp;gt; is not clickable at point (652, 594). Other element would receive the click: &amp;lt;img src=&amp;quot;//images.officeworks.com.au/api/2/img/https://s3-ap-southeast-2.amazonaws.com/wc-prod-pim/JPEG_300x300/IPXS64SG_iphone_xs_64gb_space_grey.jpg/fit?size=190x190&amp;amp;amp;auth=MjA5OTcwODkwMg__&amp;quot; alt=&amp;quot;iPhone XS 64GB Space Grey&amp;quot; class=&amp;quot;ProductImage__StyledImage-s1j2rz1k-1 kaZQke&amp;quot; height=&amp;quot;190&amp;quot; title=&amp;quot;View more details for iPhone XS 64GB Space Grey&amp;quot;&amp;gt;
  (Session info: chrome=74.0.3729.108)
  (Driver info: chromedriver=74.0.3729.6 (255758eccf3d244491b8a1317aa76e1ce10d57e9-refs/branch-heads/3729@{#29}),platform=Mac OS X 10.14.4 x86_64) (WARNING: The server did not provide any stacktrace information)
Command duration or timeout: 0 milliseconds
Build info: version: &amp;apos;3.14.0&amp;apos;, revision: &amp;apos;aacccce0&amp;apos;, time: &amp;apos;2018-08-02T20:19:58.91Z&amp;apos;
System info: host: &amp;apos;Gs-MacBook-Pro.modem&amp;apos;, ip: &amp;apos;fe80:0:0:0:1837:fd7:6b92:ce37%en0&amp;apos;, os.name: &amp;apos;Mac OS X&amp;apos;, os.arch: &amp;apos;x86_64&amp;apos;, os.version: &amp;apos;10.14.4&amp;apos;, java.version: &amp;apos;1.8.0_65&amp;apos;
Driver info: org.openqa.selenium.chrome.ChromeDriver
Capabilities {acceptInsecureCerts: false, acceptSslCerts: false, applicationCacheEnabled: false, browserConnectionEnabled: false, browserName: chrome, chrome: {chromedriverVersion: 74.0.3729.6 (255758eccf3d24..., userDataDir: /var/folders/m0/1qkzvr6n28d...}, cssSelectorsEnabled: true, databaseEnabled: false, goog:chromeOptions: {debuggerAddress: localhost:59017}, handlesAlerts: true, hasTouchScreen: false, javascriptEnabled: true, locationContextEnabled: true, mobileEmulationEnabled: false, nativeEvents: true, networkConnectionEnabled: false, pageLoadStrategy: normal, platform: MAC, platformName: MAC, proxy: Proxy(), rotatable: false, setWindowRect: true, strictFileInteractability: false, takesHeapSnapshot: true, takesScreenshot: true, timeouts: {implicit: 0, pageLoad: 300000, script: 30000}, unexpectedAlertBehaviour: ignore, unhandledPromptBehavior: ignore, version: 74.0.3729.108, webStorageEnabled: true}
Session ID: c7e7f75f8c1a421915184d046f4a1f99">
      <![CDATA[org.openqa.selenium.ElementClickInterceptedException: element click intercepted: Element <button class="Button__BaseButton-e6xond-0 jeMYnN sc-iwsKbI eZvjeJ sc-dnqmqq GcbgT" label="Add to Cart" icon="[object Object]" data-ref="add-to-cart-button-IPXS64SG">...</button> is not clickable at point (652, 594). Other element would receive the click: <img src="//images.officeworks.com.au/api/2/img/https://s3-ap-southeast-2.amazonaws.com/wc-prod-pim/JPEG_300x300/IPXS64SG_iphone_xs_64gb_space_grey.jpg/fit?size=190x190&amp;auth=MjA5OTcwODkwMg__" alt="iPhone XS 64GB Space Grey" class="ProductImage__StyledImage-s1j2rz1k-1 kaZQke" height="190" title="View more details for iPhone XS 64GB Space Grey">
  (Session info: chrome=74.0.3729.108)
  (Driver info: chromedriver=74.0.3729.6 (255758eccf3d244491b8a1317aa76e1ce10d57e9-refs/branch-heads/3729@{#29}),platform=Mac OS X 10.14.4 x86_64) (WARNING: The server did not provide any stacktrace information)
Command duration or timeout: 0 milliseconds
Build info: version: '3.14.0', revision: 'aacccce0', time: '2018-08-02T20:19:58.91Z'
System info: host: 'Gs-MacBook-Pro.modem', ip: 'fe80:0:0:0:1837:fd7:6b92:ce37%en0', os.name: 'Mac OS X', os.arch: 'x86_64', os.version: '10.14.4', java.version: '1.8.0_65'
Driver info: org.openqa.selenium.chrome.ChromeDriver
Capabilities {acceptInsecureCerts: false, acceptSslCerts: false, applicationCacheEnabled: false, browserConnectionEnabled: false, browserName: chrome, chrome: {chromedriverVersion: 74.0.3729.6 (255758eccf3d24..., userDataDir: /var/folders/m0/1qkzvr6n28d...}, cssSelectorsEnabled: true, databaseEnabled: false, goog:chromeOptions: {debuggerAddress: localhost:59017}, handlesAlerts: true, hasTouchScreen: false, javascriptEnabled: true, locationContextEnabled: true, mobileEmulationEnabled: false, nativeEvents: true, networkConnectionEnabled: false, pageLoadStrategy: normal, platform: MAC, platformName: MAC, proxy: Proxy(), rotatable: false, setWindowRect: true, strictFileInteractability: false, takesHeapSnapshot: true, takesScreenshot: true, timeouts: {implicit: 0, pageLoad: 300000, script: 30000}, unexpectedAlertBehaviour: ignore, unhandledPromptBehavior: ignore, version: 74.0.3729.108, webStorageEnabled: true}
Session ID: c7e7f75f8c1a421915184d046f4a1f99
	at org.openqa.selenium.remote.ErrorHandler.createThrowable(ErrorHandler.java:214)
	at org.openqa.selenium.remote.ErrorHandler.throwIfResponseFailed(ErrorHandler.java:166)
	at org.openqa.selenium.remote.http.JsonHttpResponseCodec.reconstructValue(JsonHttpResponseCodec.java:40)
	at org.openqa.selenium.remote.http.AbstractHttpResponseCodec.decode(AbstractHttpResponseCodec.java:80)
	at org.openqa.selenium.remote.http.AbstractHttpResponseCodec.decode(AbstractHttpResponseCodec.java:44)
	at org.openqa.selenium.remote.HttpCommandExecutor.execute(HttpCommandExecutor.java:158)
	at org.openqa.selenium.remote.service.DriverCommandExecutor.execute(DriverCommandExecutor.java:83)
	at org.openqa.selenium.remote.RemoteWebDriver.execute(RemoteWebDriver.java:548)
	at org.openqa.selenium.remote.RemoteWebElement.execute(RemoteWebElement.java:276)
	at org.openqa.selenium.remote.RemoteWebElement.click(RemoteWebElement.java:83)
	at org.openqa.selenium.support.pagefactory.internal.LocatingElementHandler.invoke(LocatingElementHandler.java:51)
	at com.sun.proxy.$Proxy10.click(Unknown Source)
	at com.officeworks.qa.pages.IphonesPage.addToCart(IphonesPage.java:40)
	at com.officeworks.qa.tests.CheckoutPageTest.setUp(CheckoutPageTest.java:40)
... Removed 34 stack frames]]>
    </failure>
  </testcase> <!-- @BeforeMethod setUp -->
  <testcase name="verifyLoginPageTitleTest" time="0.025" classname="com.officeworks.qa.tests.LoginPageTest"/>
  <testcase name="verifyHomePageTitleTest" time="0.038" classname="com.officeworks.qa.tests.HomePageTest"/>
  <testcase name="verifyTechnologyPageTitleTest" time="0.026" classname="com.officeworks.qa.tests.TechnologyPageTest"/>
  <testcase name="verifyiphoneandmobilephonesTitleTest" time="0.006" classname="com.officeworks.qa.tests.IphoneAndMobilePhonesPageTest"/>
  <testcase name="verifyIphonesPageTitleTest" time="0.472" classname="com.officeworks.qa.tests.IphonesPageTest"/>
  <testcase name="verifyCheckoutPageTitleTest" time="0.009" classname="com.officeworks.qa.tests.CheckoutPageTest"/>
  <testcase name="validateLogo" time="0.033" classname="com.officeworks.qa.tests.LoginPageTest"/>
  <testcase name="selectTechnologyOptionTest" time="1.965" classname="com.officeworks.qa.tests.HomePageTest"/>
  <testcase name="selectiphoneandmobilephonesTest" time="0.659" classname="com.officeworks.qa.tests.TechnologyPageTest"/>
  <testcase name="selectiphonesTest" time="1.076" classname="com.officeworks.qa.tests.IphoneAndMobilePhonesPageTest"/>
  <testcase name="addToCartTest" time="12.228" classname="com.officeworks.qa.tests.IphonesPageTest"/>
  <testcase name="getitemtexttest" time="0.005" classname="com.officeworks.qa.tests.CheckoutPageTest">
    <skipped/>
  </testcase> <!-- getitemtexttest -->
  <testcase name="loginTest" time="0.784" classname="com.officeworks.qa.tests.LoginPageTest"/>
</testsuite> <!-- Officeworks Web application Test Cases -->
