<?xml version="1.0" encoding="UTF-8"?>
<testng-results skipped="1" failed="0" ignored="0" total="13" passed="12">
  <reporter-output>
  </reporter-output>
  <suite name="Officeworks Web Application Automation Test Suite" duration-ms="126657" started-at="2019-04-25T13:26:23Z" finished-at="2019-04-25T13:28:30Z">
    <groups>
    </groups>
    <test name="Officeworks Web application Test Cases" duration-ms="126657" started-at="2019-04-25T13:26:23Z" finished-at="2019-04-25T13:28:30Z">
      <class name="com.officeworks.qa.tests.TechnologyPageTest">
        <test-method status="PASS" signature="setUp()[pri:0, instance:com.officeworks.qa.tests.TechnologyPageTest@91161c7]" name="setUp" is-config="true" duration-ms="6877" started-at="2019-04-25T23:26:34Z" finished-at="2019-04-25T23:26:41Z">
          <reporter-output>
          </reporter-output>
        </test-method> <!-- setUp -->
        <test-method status="PASS" signature="verifyTechnologyPageTitleTest()[pri:1, instance:com.officeworks.qa.tests.TechnologyPageTest@91161c7]" name="verifyTechnologyPageTitleTest" duration-ms="26" started-at="2019-04-25T23:26:41Z" finished-at="2019-04-25T23:26:41Z">
          <reporter-output>
          </reporter-output>
        </test-method> <!-- verifyTechnologyPageTitleTest -->
        <test-method status="PASS" signature="tearDown()[pri:0, instance:com.officeworks.qa.tests.TechnologyPageTest@91161c7]" name="tearDown" is-config="true" duration-ms="129" started-at="2019-04-25T23:26:41Z" finished-at="2019-04-25T23:26:41Z">
          <reporter-output>
          </reporter-output>
        </test-method> <!-- tearDown -->
        <test-method status="PASS" signature="setUp()[pri:0, instance:com.officeworks.qa.tests.TechnologyPageTest@91161c7]" name="setUp" is-config="true" duration-ms="6839" started-at="2019-04-25T23:27:35Z" finished-at="2019-04-25T23:27:42Z">
          <reporter-output>
          </reporter-output>
        </test-method> <!-- setUp -->
        <test-method status="PASS" signature="selectiphoneandmobilephonesTest()[pri:2, instance:com.officeworks.qa.tests.TechnologyPageTest@91161c7]" name="selectiphoneandmobilephonesTest" duration-ms="659" started-at="2019-04-25T23:27:42Z" finished-at="2019-04-25T23:27:42Z">
          <reporter-output>
          </reporter-output>
        </test-method> <!-- selectiphoneandmobilephonesTest -->
        <test-method status="PASS" signature="tearDown()[pri:0, instance:com.officeworks.qa.tests.TechnologyPageTest@91161c7]" name="tearDown" is-config="true" duration-ms="149" started-at="2019-04-25T23:27:42Z" finished-at="2019-04-25T23:27:42Z">
          <reporter-output>
          </reporter-output>
        </test-method> <!-- tearDown -->
      </class> <!-- com.officeworks.qa.tests.TechnologyPageTest -->
      <class name="com.officeworks.qa.tests.LoginPageTest">
        <test-method status="PASS" signature="setUp()[pri:0, instance:com.officeworks.qa.tests.LoginPageTest@5e3a8624]" name="setUp" is-config="true" duration-ms="5339" started-at="2019-04-25T23:26:23Z" finished-at="2019-04-25T23:26:29Z">
          <reporter-output>
          </reporter-output>
        </test-method> <!-- setUp -->
        <test-method status="PASS" signature="verifyLoginPageTitleTest()[pri:1, instance:com.officeworks.qa.tests.LoginPageTest@5e3a8624]" name="verifyLoginPageTitleTest" duration-ms="25" started-at="2019-04-25T23:26:29Z" finished-at="2019-04-25T23:26:29Z">
          <reporter-output>
          </reporter-output>
        </test-method> <!-- verifyLoginPageTitleTest -->
        <test-method status="PASS" signature="tearDown()[pri:0, instance:com.officeworks.qa.tests.LoginPageTest@5e3a8624]" name="tearDown" is-config="true" duration-ms="135" started-at="2019-04-25T23:26:29Z" finished-at="2019-04-25T23:26:29Z">
          <reporter-output>
          </reporter-output>
        </test-method> <!-- tearDown -->
        <test-method status="PASS" signature="setUp()[pri:0, instance:com.officeworks.qa.tests.LoginPageTest@5e3a8624]" name="setUp" is-config="true" duration-ms="4954" started-at="2019-04-25T23:27:22Z" finished-at="2019-04-25T23:27:27Z">
          <reporter-output>
          </reporter-output>
        </test-method> <!-- setUp -->
        <test-method status="PASS" signature="validateLogo()[pri:2, instance:com.officeworks.qa.tests.LoginPageTest@5e3a8624]" name="validateLogo" duration-ms="33" started-at="2019-04-25T23:27:27Z" finished-at="2019-04-25T23:27:27Z">
          <reporter-output>
          </reporter-output>
        </test-method> <!-- validateLogo -->
        <test-method status="PASS" signature="tearDown()[pri:0, instance:com.officeworks.qa.tests.LoginPageTest@5e3a8624]" name="tearDown" is-config="true" duration-ms="159" started-at="2019-04-25T23:27:27Z" finished-at="2019-04-25T23:27:27Z">
          <reporter-output>
          </reporter-output>
        </test-method> <!-- tearDown -->
        <test-method status="PASS" signature="setUp()[pri:0, instance:com.officeworks.qa.tests.LoginPageTest@5e3a8624]" name="setUp" is-config="true" duration-ms="5100" started-at="2019-04-25T23:28:24Z" finished-at="2019-04-25T23:28:29Z">
          <reporter-output>
          </reporter-output>
        </test-method> <!-- setUp -->
        <test-method status="PASS" signature="loginTest(java.lang.String, java.lang.String)[pri:3, instance:com.officeworks.qa.tests.LoginPageTest@5e3a8624]" name="loginTest" duration-ms="784" started-at="2019-04-25T23:28:29Z" data-provider="getLoginTestData" finished-at="2019-04-25T23:28:30Z">
          <params>
            <param index="0">
              <value>
                <![CDATA[knowledgebase86@gmail.com]]>
              </value>
            </param>
            <param index="1">
              <value>
                <![CDATA[Office123$]]>
              </value>
            </param>
          </params>
          <reporter-output>
          </reporter-output>
        </test-method> <!-- loginTest -->
        <test-method status="PASS" signature="tearDown()[pri:0, instance:com.officeworks.qa.tests.LoginPageTest@5e3a8624]" name="tearDown" is-config="true" duration-ms="186" started-at="2019-04-25T23:28:30Z" finished-at="2019-04-25T23:28:30Z">
          <reporter-output>
          </reporter-output>
        </test-method> <!-- tearDown -->
      </class> <!-- com.officeworks.qa.tests.LoginPageTest -->
      <class name="com.officeworks.qa.tests.IphonesPageTest">
        <test-method status="PASS" signature="setUp()[pri:0, instance:com.officeworks.qa.tests.IphonesPageTest@6a4f787b]" name="setUp" is-config="true" duration-ms="9043" started-at="2019-04-25T23:26:49Z" finished-at="2019-04-25T23:26:58Z">
          <reporter-output>
          </reporter-output>
        </test-method> <!-- setUp -->
        <test-method status="PASS" signature="verifyIphonesPageTitleTest()[pri:1, instance:com.officeworks.qa.tests.IphonesPageTest@6a4f787b]" name="verifyIphonesPageTitleTest" duration-ms="472" started-at="2019-04-25T23:26:58Z" finished-at="2019-04-25T23:26:59Z">
          <reporter-output>
          </reporter-output>
        </test-method> <!-- verifyIphonesPageTitleTest -->
        <test-method status="PASS" signature="tearDown()[pri:0, instance:com.officeworks.qa.tests.IphonesPageTest@6a4f787b]" name="tearDown" is-config="true" duration-ms="182" started-at="2019-04-25T23:26:59Z" finished-at="2019-04-25T23:26:59Z">
          <reporter-output>
          </reporter-output>
        </test-method> <!-- tearDown -->
        <test-method status="PASS" signature="setUp()[pri:0, instance:com.officeworks.qa.tests.IphonesPageTest@6a4f787b]" name="setUp" is-config="true" duration-ms="9542" started-at="2019-04-25T23:27:51Z" finished-at="2019-04-25T23:28:01Z">
          <reporter-output>
          </reporter-output>
        </test-method> <!-- setUp -->
        <test-method status="PASS" signature="addToCartTest()[pri:2, instance:com.officeworks.qa.tests.IphonesPageTest@6a4f787b]" name="addToCartTest" duration-ms="12228" started-at="2019-04-25T23:28:01Z" finished-at="2019-04-25T23:28:13Z">
          <reporter-output>
          </reporter-output>
        </test-method> <!-- addToCartTest -->
        <test-method status="PASS" signature="tearDown()[pri:0, instance:com.officeworks.qa.tests.IphonesPageTest@6a4f787b]" name="tearDown" is-config="true" duration-ms="203" started-at="2019-04-25T23:28:13Z" finished-at="2019-04-25T23:28:13Z">
          <reporter-output>
          </reporter-output>
        </test-method> <!-- tearDown -->
      </class> <!-- com.officeworks.qa.tests.IphonesPageTest -->
      <class name="com.officeworks.qa.tests.HomePageTest">
        <test-method status="PASS" signature="setUp()[pri:0, instance:com.officeworks.qa.tests.HomePageTest@5c3bd550]" name="setUp" is-config="true" duration-ms="5477" started-at="2019-04-25T23:26:29Z" finished-at="2019-04-25T23:26:34Z">
          <reporter-output>
          </reporter-output>
        </test-method> <!-- setUp -->
        <test-method status="PASS" signature="verifyHomePageTitleTest()[pri:1, instance:com.officeworks.qa.tests.HomePageTest@5c3bd550]" name="verifyHomePageTitleTest" duration-ms="38" started-at="2019-04-25T23:26:34Z" finished-at="2019-04-25T23:26:34Z">
          <reporter-output>
          </reporter-output>
        </test-method> <!-- verifyHomePageTitleTest -->
        <test-method status="PASS" signature="tearDown()[pri:0, instance:com.officeworks.qa.tests.HomePageTest@5c3bd550]" name="tearDown" is-config="true" duration-ms="177" started-at="2019-04-25T23:26:34Z" finished-at="2019-04-25T23:26:34Z">
          <reporter-output>
          </reporter-output>
        </test-method> <!-- tearDown -->
        <test-method status="PASS" signature="setUp()[pri:0, instance:com.officeworks.qa.tests.HomePageTest@5c3bd550]" name="setUp" is-config="true" duration-ms="5494" started-at="2019-04-25T23:27:27Z" finished-at="2019-04-25T23:27:33Z">
          <reporter-output>
          </reporter-output>
        </test-method> <!-- setUp -->
        <test-method status="PASS" signature="selectTechnologyOptionTest()[pri:2, instance:com.officeworks.qa.tests.HomePageTest@5c3bd550]" name="selectTechnologyOptionTest" duration-ms="1965" started-at="2019-04-25T23:27:33Z" finished-at="2019-04-25T23:27:35Z">
          <reporter-output>
          </reporter-output>
        </test-method> <!-- selectTechnologyOptionTest -->
        <test-method status="PASS" signature="tearDown()[pri:0, instance:com.officeworks.qa.tests.HomePageTest@5c3bd550]" name="tearDown" is-config="true" duration-ms="143" started-at="2019-04-25T23:27:35Z" finished-at="2019-04-25T23:27:35Z">
          <reporter-output>
          </reporter-output>
        </test-method> <!-- tearDown -->
      </class> <!-- com.officeworks.qa.tests.HomePageTest -->
      <class name="com.officeworks.qa.tests.IphoneAndMobilePhonesPageTest">
        <test-method status="PASS" signature="setUp()[pri:0, instance:com.officeworks.qa.tests.IphoneAndMobilePhonesPageTest@604ed9f0]" name="setUp" is-config="true" duration-ms="7699" started-at="2019-04-25T23:26:41Z" finished-at="2019-04-25T23:26:49Z">
          <reporter-output>
          </reporter-output>
        </test-method> <!-- setUp -->
        <test-method status="PASS" signature="verifyiphoneandmobilephonesTitleTest()[pri:1, instance:com.officeworks.qa.tests.IphoneAndMobilePhonesPageTest@604ed9f0]" name="verifyiphoneandmobilephonesTitleTest" duration-ms="6" started-at="2019-04-25T23:26:49Z" finished-at="2019-04-25T23:26:49Z">
          <reporter-output>
          </reporter-output>
        </test-method> <!-- verifyiphoneandmobilephonesTitleTest -->
        <test-method status="PASS" signature="tearDown()[pri:0, instance:com.officeworks.qa.tests.IphoneAndMobilePhonesPageTest@604ed9f0]" name="tearDown" is-config="true" duration-ms="176" started-at="2019-04-25T23:26:49Z" finished-at="2019-04-25T23:26:49Z">
          <reporter-output>
          </reporter-output>
        </test-method> <!-- tearDown -->
        <test-method status="PASS" signature="setUp()[pri:0, instance:com.officeworks.qa.tests.IphoneAndMobilePhonesPageTest@604ed9f0]" name="setUp" is-config="true" duration-ms="7616" started-at="2019-04-25T23:27:42Z" finished-at="2019-04-25T23:27:50Z">
          <reporter-output>
          </reporter-output>
        </test-method> <!-- setUp -->
        <test-method status="PASS" signature="selectiphonesTest()[pri:2, instance:com.officeworks.qa.tests.IphoneAndMobilePhonesPageTest@604ed9f0]" name="selectiphonesTest" duration-ms="1076" started-at="2019-04-25T23:27:50Z" finished-at="2019-04-25T23:27:51Z">
          <reporter-output>
          </reporter-output>
        </test-method> <!-- selectiphonesTest -->
        <test-method status="PASS" signature="tearDown()[pri:0, instance:com.officeworks.qa.tests.IphoneAndMobilePhonesPageTest@604ed9f0]" name="tearDown" is-config="true" duration-ms="185" started-at="2019-04-25T23:27:51Z" finished-at="2019-04-25T23:27:51Z">
          <reporter-output>
          </reporter-output>
        </test-method> <!-- tearDown -->
      </class> <!-- com.officeworks.qa.tests.IphoneAndMobilePhonesPageTest -->
      <class name="com.officeworks.qa.tests.CheckoutPageTest">
        <test-method status="PASS" signature="setUp()[pri:0, instance:com.officeworks.qa.tests.CheckoutPageTest@685cb137]" name="setUp" is-config="true" duration-ms="22699" started-at="2019-04-25T23:26:59Z" finished-at="2019-04-25T23:27:22Z">
          <reporter-output>
          </reporter-output>
        </test-method> <!-- setUp -->
        <test-method status="PASS" signature="verifyCheckoutPageTitleTest()[pri:1, instance:com.officeworks.qa.tests.CheckoutPageTest@685cb137]" name="verifyCheckoutPageTitleTest" duration-ms="9" started-at="2019-04-25T23:27:22Z" finished-at="2019-04-25T23:27:22Z">
          <reporter-output>
          </reporter-output>
        </test-method> <!-- verifyCheckoutPageTitleTest -->
        <test-method status="PASS" signature="tearDown()[pri:0, instance:com.officeworks.qa.tests.CheckoutPageTest@685cb137]" name="tearDown" is-config="true" duration-ms="228" started-at="2019-04-25T23:27:22Z" finished-at="2019-04-25T23:27:22Z">
          <reporter-output>
          </reporter-output>
        </test-method> <!-- tearDown -->
        <test-method status="FAIL" signature="setUp()[pri:0, instance:com.officeworks.qa.tests.CheckoutPageTest@685cb137]" name="setUp" is-config="true" duration-ms="9780" started-at="2019-04-25T23:28:13Z" finished-at="2019-04-25T23:28:23Z">
          <exception class="org.openqa.selenium.ElementClickInterceptedException">
            <message>
              <![CDATA[element click intercepted: Element <button class="Button__BaseButton-e6xond-0 jeMYnN sc-iwsKbI eZvjeJ sc-dnqmqq GcbgT" label="Add to Cart" icon="[object Object]" data-ref="add-to-cart-button-IPXS64SG">...</button> is not clickable at point (652, 594). Other element would receive the click: <img src="//images.officeworks.com.au/api/2/img/https://s3-ap-southeast-2.amazonaws.com/wc-prod-pim/JPEG_300x300/IPXS64SG_iphone_xs_64gb_space_grey.jpg/fit?size=190x190&amp;auth=MjA5OTcwODkwMg__" alt="iPhone XS 64GB Space Grey" class="ProductImage__StyledImage-s1j2rz1k-1 kaZQke" height="190" title="View more details for iPhone XS 64GB Space Grey">
  (Session info: chrome=74.0.3729.108)
  (Driver info: chromedriver=74.0.3729.6 (255758eccf3d244491b8a1317aa76e1ce10d57e9-refs/branch-heads/3729@{#29}),platform=Mac OS X 10.14.4 x86_64) (WARNING: The server did not provide any stacktrace information)
Command duration or timeout: 0 milliseconds
Build info: version: '3.14.0', revision: 'aacccce0', time: '2018-08-02T20:19:58.91Z'
System info: host: 'Gs-MacBook-Pro.modem', ip: 'fe80:0:0:0:1837:fd7:6b92:ce37%en0', os.name: 'Mac OS X', os.arch: 'x86_64', os.version: '10.14.4', java.version: '1.8.0_65'
Driver info: org.openqa.selenium.chrome.ChromeDriver
Capabilities {acceptInsecureCerts: false, acceptSslCerts: false, applicationCacheEnabled: false, browserConnectionEnabled: false, browserName: chrome, chrome: {chromedriverVersion: 74.0.3729.6 (255758eccf3d24..., userDataDir: /var/folders/m0/1qkzvr6n28d...}, cssSelectorsEnabled: true, databaseEnabled: false, goog:chromeOptions: {debuggerAddress: localhost:59017}, handlesAlerts: true, hasTouchScreen: false, javascriptEnabled: true, locationContextEnabled: true, mobileEmulationEnabled: false, nativeEvents: true, networkConnectionEnabled: false, pageLoadStrategy: normal, platform: MAC, platformName: MAC, proxy: Proxy(), rotatable: false, setWindowRect: true, strictFileInteractability: false, takesHeapSnapshot: true, takesScreenshot: true, timeouts: {implicit: 0, pageLoad: 300000, script: 30000}, unexpectedAlertBehaviour: ignore, unhandledPromptBehavior: ignore, version: 74.0.3729.108, webStorageEnabled: true}
Session ID: c7e7f75f8c1a421915184d046f4a1f99]]>
            </message>
            <full-stacktrace>
              <![CDATA[org.openqa.selenium.ElementClickInterceptedException: element click intercepted: Element <button class="Button__BaseButton-e6xond-0 jeMYnN sc-iwsKbI eZvjeJ sc-dnqmqq GcbgT" label="Add to Cart" icon="[object Object]" data-ref="add-to-cart-button-IPXS64SG">...</button> is not clickable at point (652, 594). Other element would receive the click: <img src="//images.officeworks.com.au/api/2/img/https://s3-ap-southeast-2.amazonaws.com/wc-prod-pim/JPEG_300x300/IPXS64SG_iphone_xs_64gb_space_grey.jpg/fit?size=190x190&amp;auth=MjA5OTcwODkwMg__" alt="iPhone XS 64GB Space Grey" class="ProductImage__StyledImage-s1j2rz1k-1 kaZQke" height="190" title="View more details for iPhone XS 64GB Space Grey">
  (Session info: chrome=74.0.3729.108)
  (Driver info: chromedriver=74.0.3729.6 (255758eccf3d244491b8a1317aa76e1ce10d57e9-refs/branch-heads/3729@{#29}),platform=Mac OS X 10.14.4 x86_64) (WARNING: The server did not provide any stacktrace information)
Command duration or timeout: 0 milliseconds
Build info: version: '3.14.0', revision: 'aacccce0', time: '2018-08-02T20:19:58.91Z'
System info: host: 'Gs-MacBook-Pro.modem', ip: 'fe80:0:0:0:1837:fd7:6b92:ce37%en0', os.name: 'Mac OS X', os.arch: 'x86_64', os.version: '10.14.4', java.version: '1.8.0_65'
Driver info: org.openqa.selenium.chrome.ChromeDriver
Capabilities {acceptInsecureCerts: false, acceptSslCerts: false, applicationCacheEnabled: false, browserConnectionEnabled: false, browserName: chrome, chrome: {chromedriverVersion: 74.0.3729.6 (255758eccf3d24..., userDataDir: /var/folders/m0/1qkzvr6n28d...}, cssSelectorsEnabled: true, databaseEnabled: false, goog:chromeOptions: {debuggerAddress: localhost:59017}, handlesAlerts: true, hasTouchScreen: false, javascriptEnabled: true, locationContextEnabled: true, mobileEmulationEnabled: false, nativeEvents: true, networkConnectionEnabled: false, pageLoadStrategy: normal, platform: MAC, platformName: MAC, proxy: Proxy(), rotatable: false, setWindowRect: true, strictFileInteractability: false, takesHeapSnapshot: true, takesScreenshot: true, timeouts: {implicit: 0, pageLoad: 300000, script: 30000}, unexpectedAlertBehaviour: ignore, unhandledPromptBehavior: ignore, version: 74.0.3729.108, webStorageEnabled: true}
Session ID: c7e7f75f8c1a421915184d046f4a1f99
	at sun.reflect.NativeConstructorAccessorImpl.newInstance0(Native Method)
	at sun.reflect.NativeConstructorAccessorImpl.newInstance(NativeConstructorAccessorImpl.java:62)
	at sun.reflect.DelegatingConstructorAccessorImpl.newInstance(DelegatingConstructorAccessorImpl.java:45)
	at java.lang.reflect.Constructor.newInstance(Constructor.java:422)
	at org.openqa.selenium.remote.ErrorHandler.createThrowable(ErrorHandler.java:214)
	at org.openqa.selenium.remote.ErrorHandler.throwIfResponseFailed(ErrorHandler.java:166)
	at org.openqa.selenium.remote.http.JsonHttpResponseCodec.reconstructValue(JsonHttpResponseCodec.java:40)
	at org.openqa.selenium.remote.http.AbstractHttpResponseCodec.decode(AbstractHttpResponseCodec.java:80)
	at org.openqa.selenium.remote.http.AbstractHttpResponseCodec.decode(AbstractHttpResponseCodec.java:44)
	at org.openqa.selenium.remote.HttpCommandExecutor.execute(HttpCommandExecutor.java:158)
	at org.openqa.selenium.remote.service.DriverCommandExecutor.execute(DriverCommandExecutor.java:83)
	at org.openqa.selenium.remote.RemoteWebDriver.execute(RemoteWebDriver.java:548)
	at org.openqa.selenium.remote.RemoteWebElement.execute(RemoteWebElement.java:276)
	at org.openqa.selenium.remote.RemoteWebElement.click(RemoteWebElement.java:83)
	at sun.reflect.GeneratedMethodAccessor1.invoke(Unknown Source)
	at sun.reflect.DelegatingMethodAccessorImpl.invoke(DelegatingMethodAccessorImpl.java:43)
	at java.lang.reflect.Method.invoke(Method.java:497)
	at org.openqa.selenium.support.pagefactory.internal.LocatingElementHandler.invoke(LocatingElementHandler.java:51)
	at com.sun.proxy.$Proxy10.click(Unknown Source)
	at com.officeworks.qa.pages.IphonesPage.addToCart(IphonesPage.java:40)
	at com.officeworks.qa.tests.CheckoutPageTest.setUp(CheckoutPageTest.java:40)
	at sun.reflect.NativeMethodAccessorImpl.invoke0(Native Method)
	at sun.reflect.NativeMethodAccessorImpl.invoke(NativeMethodAccessorImpl.java:62)
	at sun.reflect.DelegatingMethodAccessorImpl.invoke(DelegatingMethodAccessorImpl.java:43)
	at java.lang.reflect.Method.invoke(Method.java:497)
	at org.testng.internal.MethodInvocationHelper.invokeMethod(MethodInvocationHelper.java:108)
	at org.testng.internal.Invoker.invokeConfigurationMethod(Invoker.java:523)
	at org.testng.internal.Invoker.invokeConfigurations(Invoker.java:224)
	at org.testng.internal.Invoker.invokeMethod(Invoker.java:599)
	at org.testng.internal.Invoker.invokeTestMethod(Invoker.java:869)
	at org.testng.internal.Invoker.invokeTestMethods(Invoker.java:1193)
	at org.testng.internal.TestMethodWorker.invokeTestMethods(TestMethodWorker.java:126)
	at org.testng.internal.TestMethodWorker.run(TestMethodWorker.java:109)
	at org.testng.TestRunner.privateRun(TestRunner.java:744)
	at org.testng.TestRunner.run(TestRunner.java:602)
	at org.testng.SuiteRunner.runTest(SuiteRunner.java:380)
	at org.testng.SuiteRunner.runSequentially(SuiteRunner.java:375)
	at org.testng.SuiteRunner.privateRun(SuiteRunner.java:340)
	at org.testng.SuiteRunner.run(SuiteRunner.java:289)
	at org.testng.SuiteRunnerWorker.runSuite(SuiteRunnerWorker.java:52)
	at org.testng.SuiteRunnerWorker.run(SuiteRunnerWorker.java:86)
	at org.testng.TestNG.runSuitesSequentially(TestNG.java:1301)
	at org.testng.TestNG.runSuitesLocally(TestNG.java:1226)
	at org.testng.TestNG.runSuites(TestNG.java:1144)
	at org.testng.TestNG.run(TestNG.java:1115)
	at org.testng.remote.AbstractRemoteTestNG.run(AbstractRemoteTestNG.java:126)
	at org.testng.remote.RemoteTestNG.initAndRun(RemoteTestNG.java:152)
	at org.testng.remote.RemoteTestNG.main(RemoteTestNG.java:57)
]]>
            </full-stacktrace>
          </exception> <!-- org.openqa.selenium.ElementClickInterceptedException -->
          <reporter-output>
          </reporter-output>
        </test-method> <!-- setUp -->
        <test-method status="SKIP" signature="getitemtexttest()[pri:2, instance:com.officeworks.qa.tests.CheckoutPageTest@685cb137]" name="getitemtexttest" duration-ms="5" started-at="2019-04-25T23:28:23Z" finished-at="2019-04-25T23:28:23Z">
          <exception class="org.openqa.selenium.ElementClickInterceptedException">
            <message>
              <![CDATA[element click intercepted: Element <button class="Button__BaseButton-e6xond-0 jeMYnN sc-iwsKbI eZvjeJ sc-dnqmqq GcbgT" label="Add to Cart" icon="[object Object]" data-ref="add-to-cart-button-IPXS64SG">...</button> is not clickable at point (652, 594). Other element would receive the click: <img src="//images.officeworks.com.au/api/2/img/https://s3-ap-southeast-2.amazonaws.com/wc-prod-pim/JPEG_300x300/IPXS64SG_iphone_xs_64gb_space_grey.jpg/fit?size=190x190&amp;auth=MjA5OTcwODkwMg__" alt="iPhone XS 64GB Space Grey" class="ProductImage__StyledImage-s1j2rz1k-1 kaZQke" height="190" title="View more details for iPhone XS 64GB Space Grey">
  (Session info: chrome=74.0.3729.108)
  (Driver info: chromedriver=74.0.3729.6 (255758eccf3d244491b8a1317aa76e1ce10d57e9-refs/branch-heads/3729@{#29}),platform=Mac OS X 10.14.4 x86_64) (WARNING: The server did not provide any stacktrace information)
Command duration or timeout: 0 milliseconds
Build info: version: '3.14.0', revision: 'aacccce0', time: '2018-08-02T20:19:58.91Z'
System info: host: 'Gs-MacBook-Pro.modem', ip: 'fe80:0:0:0:1837:fd7:6b92:ce37%en0', os.name: 'Mac OS X', os.arch: 'x86_64', os.version: '10.14.4', java.version: '1.8.0_65'
Driver info: org.openqa.selenium.chrome.ChromeDriver
Capabilities {acceptInsecureCerts: false, acceptSslCerts: false, applicationCacheEnabled: false, browserConnectionEnabled: false, browserName: chrome, chrome: {chromedriverVersion: 74.0.3729.6 (255758eccf3d24..., userDataDir: /var/folders/m0/1qkzvr6n28d...}, cssSelectorsEnabled: true, databaseEnabled: false, goog:chromeOptions: {debuggerAddress: localhost:59017}, handlesAlerts: true, hasTouchScreen: false, javascriptEnabled: true, locationContextEnabled: true, mobileEmulationEnabled: false, nativeEvents: true, networkConnectionEnabled: false, pageLoadStrategy: normal, platform: MAC, platformName: MAC, proxy: Proxy(), rotatable: false, setWindowRect: true, strictFileInteractability: false, takesHeapSnapshot: true, takesScreenshot: true, timeouts: {implicit: 0, pageLoad: 300000, script: 30000}, unexpectedAlertBehaviour: ignore, unhandledPromptBehavior: ignore, version: 74.0.3729.108, webStorageEnabled: true}
Session ID: c7e7f75f8c1a421915184d046f4a1f99]]>
            </message>
            <full-stacktrace>
              <![CDATA[org.openqa.selenium.ElementClickInterceptedException: element click intercepted: Element <button class="Button__BaseButton-e6xond-0 jeMYnN sc-iwsKbI eZvjeJ sc-dnqmqq GcbgT" label="Add to Cart" icon="[object Object]" data-ref="add-to-cart-button-IPXS64SG">...</button> is not clickable at point (652, 594). Other element would receive the click: <img src="//images.officeworks.com.au/api/2/img/https://s3-ap-southeast-2.amazonaws.com/wc-prod-pim/JPEG_300x300/IPXS64SG_iphone_xs_64gb_space_grey.jpg/fit?size=190x190&amp;auth=MjA5OTcwODkwMg__" alt="iPhone XS 64GB Space Grey" class="ProductImage__StyledImage-s1j2rz1k-1 kaZQke" height="190" title="View more details for iPhone XS 64GB Space Grey">
  (Session info: chrome=74.0.3729.108)
  (Driver info: chromedriver=74.0.3729.6 (255758eccf3d244491b8a1317aa76e1ce10d57e9-refs/branch-heads/3729@{#29}),platform=Mac OS X 10.14.4 x86_64) (WARNING: The server did not provide any stacktrace information)
Command duration or timeout: 0 milliseconds
Build info: version: '3.14.0', revision: 'aacccce0', time: '2018-08-02T20:19:58.91Z'
System info: host: 'Gs-MacBook-Pro.modem', ip: 'fe80:0:0:0:1837:fd7:6b92:ce37%en0', os.name: 'Mac OS X', os.arch: 'x86_64', os.version: '10.14.4', java.version: '1.8.0_65'
Driver info: org.openqa.selenium.chrome.ChromeDriver
Capabilities {acceptInsecureCerts: false, acceptSslCerts: false, applicationCacheEnabled: false, browserConnectionEnabled: false, browserName: chrome, chrome: {chromedriverVersion: 74.0.3729.6 (255758eccf3d24..., userDataDir: /var/folders/m0/1qkzvr6n28d...}, cssSelectorsEnabled: true, databaseEnabled: false, goog:chromeOptions: {debuggerAddress: localhost:59017}, handlesAlerts: true, hasTouchScreen: false, javascriptEnabled: true, locationContextEnabled: true, mobileEmulationEnabled: false, nativeEvents: true, networkConnectionEnabled: false, pageLoadStrategy: normal, platform: MAC, platformName: MAC, proxy: Proxy(), rotatable: false, setWindowRect: true, strictFileInteractability: false, takesHeapSnapshot: true, takesScreenshot: true, timeouts: {implicit: 0, pageLoad: 300000, script: 30000}, unexpectedAlertBehaviour: ignore, unhandledPromptBehavior: ignore, version: 74.0.3729.108, webStorageEnabled: true}
Session ID: c7e7f75f8c1a421915184d046f4a1f99
	at sun.reflect.NativeConstructorAccessorImpl.newInstance0(Native Method)
	at sun.reflect.NativeConstructorAccessorImpl.newInstance(NativeConstructorAccessorImpl.java:62)
	at sun.reflect.DelegatingConstructorAccessorImpl.newInstance(DelegatingConstructorAccessorImpl.java:45)
	at java.lang.reflect.Constructor.newInstance(Constructor.java:422)
	at org.openqa.selenium.remote.ErrorHandler.createThrowable(ErrorHandler.java:214)
	at org.openqa.selenium.remote.ErrorHandler.throwIfResponseFailed(ErrorHandler.java:166)
	at org.openqa.selenium.remote.http.JsonHttpResponseCodec.reconstructValue(JsonHttpResponseCodec.java:40)
	at org.openqa.selenium.remote.http.AbstractHttpResponseCodec.decode(AbstractHttpResponseCodec.java:80)
	at org.openqa.selenium.remote.http.AbstractHttpResponseCodec.decode(AbstractHttpResponseCodec.java:44)
	at org.openqa.selenium.remote.HttpCommandExecutor.execute(HttpCommandExecutor.java:158)
	at org.openqa.selenium.remote.service.DriverCommandExecutor.execute(DriverCommandExecutor.java:83)
	at org.openqa.selenium.remote.RemoteWebDriver.execute(RemoteWebDriver.java:548)
	at org.openqa.selenium.remote.RemoteWebElement.execute(RemoteWebElement.java:276)
	at org.openqa.selenium.remote.RemoteWebElement.click(RemoteWebElement.java:83)
	at sun.reflect.GeneratedMethodAccessor1.invoke(Unknown Source)
	at sun.reflect.DelegatingMethodAccessorImpl.invoke(DelegatingMethodAccessorImpl.java:43)
	at java.lang.reflect.Method.invoke(Method.java:497)
	at org.openqa.selenium.support.pagefactory.internal.LocatingElementHandler.invoke(LocatingElementHandler.java:51)
	at com.sun.proxy.$Proxy10.click(Unknown Source)
	at com.officeworks.qa.pages.IphonesPage.addToCart(IphonesPage.java:40)
	at com.officeworks.qa.tests.CheckoutPageTest.setUp(CheckoutPageTest.java:40)
	at sun.reflect.NativeMethodAccessorImpl.invoke0(Native Method)
	at sun.reflect.NativeMethodAccessorImpl.invoke(NativeMethodAccessorImpl.java:62)
	at sun.reflect.DelegatingMethodAccessorImpl.invoke(DelegatingMethodAccessorImpl.java:43)
	at java.lang.reflect.Method.invoke(Method.java:497)
	at org.testng.internal.MethodInvocationHelper.invokeMethod(MethodInvocationHelper.java:108)
	at org.testng.internal.Invoker.invokeConfigurationMethod(Invoker.java:523)
	at org.testng.internal.Invoker.invokeConfigurations(Invoker.java:224)
	at org.testng.internal.Invoker.invokeMethod(Invoker.java:599)
	at org.testng.internal.Invoker.invokeTestMethod(Invoker.java:869)
	at org.testng.internal.Invoker.invokeTestMethods(Invoker.java:1193)
	at org.testng.internal.TestMethodWorker.invokeTestMethods(TestMethodWorker.java:126)
	at org.testng.internal.TestMethodWorker.run(TestMethodWorker.java:109)
	at org.testng.TestRunner.privateRun(TestRunner.java:744)
	at org.testng.TestRunner.run(TestRunner.java:602)
	at org.testng.SuiteRunner.runTest(SuiteRunner.java:380)
	at org.testng.SuiteRunner.runSequentially(SuiteRunner.java:375)
	at org.testng.SuiteRunner.privateRun(SuiteRunner.java:340)
	at org.testng.SuiteRunner.run(SuiteRunner.java:289)
	at org.testng.SuiteRunnerWorker.runSuite(SuiteRunnerWorker.java:52)
	at org.testng.SuiteRunnerWorker.run(SuiteRunnerWorker.java:86)
	at org.testng.TestNG.runSuitesSequentially(TestNG.java:1301)
	at org.testng.TestNG.runSuitesLocally(TestNG.java:1226)
	at org.testng.TestNG.runSuites(TestNG.java:1144)
	at org.testng.TestNG.run(TestNG.java:1115)
	at org.testng.remote.AbstractRemoteTestNG.run(AbstractRemoteTestNG.java:126)
	at org.testng.remote.RemoteTestNG.initAndRun(RemoteTestNG.java:152)
	at org.testng.remote.RemoteTestNG.main(RemoteTestNG.java:57)
]]>
            </full-stacktrace>
          </exception> <!-- org.openqa.selenium.ElementClickInterceptedException -->
          <reporter-output>
          </reporter-output>
        </test-method> <!-- getitemtexttest -->
      </class> <!-- com.officeworks.qa.tests.CheckoutPageTest -->
    </test> <!-- Officeworks Web application Test Cases -->
  </suite> <!-- Officeworks Web Application Automation Test Suite -->
</testng-results>
